<?xml version="1.0" encoding="UTF-8"?>
<!-- Generated by org.testng.reporters.JUnitXMLReporter -->
<testsuite hostname="DESKTOP-2JABQ32" ignored="0" name="Default test" tests="3" failures="0" timestamp="2022-10-27T14:40:16 IST" time="0.034" errors="0">
  <testcase name="@BeforeSuite intializeDriver" time="1.912" classname="com.naukri.qa.base.TestBase">
    <failure type="java.lang.NumberFormatException" message="null">
      <![CDATA[java.lang.NumberFormatException: null
at java.lang.Long.parseLong(Long.java:552)
at java.lang.Long.parseLong(Long.java:631)
at com.naukri.qa.base.TestBase.intializeDriver(TestBase.java:34)
at sun.reflect.NativeMethodAccessorImpl.invoke0(Native Method)
at sun.reflect.NativeMethodAccessorImpl.invoke(NativeMethodAccessorImpl.java:62)
at sun.reflect.DelegatingMethodAccessorImpl.invoke(DelegatingMethodAccessorImpl.java:43)
at java.lang.reflect.Method.invoke(Method.java:498)
at org.testng.internal.MethodInvocationHelper.invokeMethod(MethodInvocationHelper.java:133)
at org.testng.internal.MethodInvocationHelper.invokeMethodConsideringTimeout(MethodInvocationHelper.java:62)
at org.testng.internal.ConfigInvoker.invokeConfigurationMethod(ConfigInvoker.java:385)
at org.testng.internal.ConfigInvoker.invokeConfigurations(ConfigInvoker.java:321)
at org.testng.SuiteRunner.privateRun(SuiteRunner.java:317)
at org.testng.SuiteRunner.run(SuiteRunner.java:276)
at org.testng.SuiteRunnerWorker.runSuite(SuiteRunnerWorker.java:53)
at org.testng.SuiteRunnerWorker.run(SuiteRunnerWorker.java:96)
at org.testng.TestNG.runSuitesSequentially(TestNG.java:1212)
at org.testng.TestNG.runSuitesLocally(TestNG.java:1134)
at org.testng.TestNG.runSuites(TestNG.java:1063)
at org.testng.TestNG.run(TestNG.java:1031)
at org.testng.remote.AbstractRemoteTestNG.run(AbstractRemoteTestNG.java:115)
at org.testng.remote.RemoteTestNG.initAndRun(RemoteTestNG.java:251)
at org.testng.remote.RemoteTestNG.main(RemoteTestNG.java:77)
]]>
    </failure>
  </testcase> <!-- @BeforeSuite intializeDriver -->
  <testcase name="@BeforeClass setUp" time="-1.666861816706E9" classname="com.naukri.qa.page.test.LoginPageTest">
    <skipped/>
  </testcase> <!-- @BeforeClass setUp -->
  <testcase name="verifyNaukriLogoTest" time="0.0" classname="com.naukri.qa.page.test.LoginPageTest">
    <skipped/>
  </testcase> <!-- verifyNaukriLogoTest -->
  <testcase name="verifyLoginPageTitleTest" time="0.0" classname="com.naukri.qa.page.test.LoginPageTest">
    <skipped/>
  </testcase> <!-- verifyLoginPageTitleTest -->
  <testcase name="verifyLoginPageTest" time="0.0" classname="com.naukri.qa.page.test.LoginPageTest">
    <skipped/>
  </testcase> <!-- verifyLoginPageTest -->
</testsuite> <!-- Default test -->
